<?xml version="1.0" encoding="UTF-8"?>
<!-- Generated by org.testng.reporters.JUnitXMLReporter -->
<testsuite ignored="4" hostname="DESKTOP-2H052U4" failures="0" tests="3" name="Default test" time="0.182" errors="0" timestamp="2022-09-03T11:37:20 IST">
  <testcase classname="testpakage.testcase_loantest" name="homelaon" time="0.03"/>
  <testcase classname="testpakage.testcase_loantest" name="personalloan" time="0.004"/>
  <testcase classname="testpakage.card_test" name="cctest" time="0.004"/>
  <testcase classname="testpakage.baseclass" name="@AfterTest m4" time="0.0">
    <ignored/>
  </testcase> <!-- @AfterTest m4 -->
  <testcase classname="testpakage.baseclass" name="@AfterTest m4" time="0.0">
    <ignored/>
  </testcase> <!-- @AfterTest m4 -->
  <testcase classname="testpakage.baseclass" name="@BeforeTest m3" time="0.0">
    <ignored/>
  </testcase> <!-- @BeforeTest m3 -->
  <testcase classname="testpakage.baseclass" name="@BeforeTest m3" time="0.0">
    <ignored/>
  </testcase> <!-- @BeforeTest m3 -->
</testsuite> <!-- Default test -->
