<?xml version="1.0" encoding="UTF-8"?>
<!-- Generated by org.testng.reporters.JUnitXMLReporter -->
<testsuite ignored="4" hostname="DESKTOP-2H052U4" failures="0" tests="1" name="Test" time="0.097" errors="0" timestamp="2022-09-03T22:13:43 IST">
  <testcase classname="testpakage.testcase_loantest" name="HomeLoanTest" time="0.014"/>
  <testcase classname="testpakage.baseclass" name="@AfterTest m4" time="0.0">
    <ignored/>
  </testcase> <!-- @AfterTest m4 -->
  <testcase classname="testpakage.baseclass" name="@BeforeTest m3" time="0.0">
    <ignored/>
  </testcase> <!-- @BeforeTest m3 -->
  <testcase classname="testpakage.testcase_loantest" name="PersonalLoanTest" time="0.0">
    <ignored/>
  </testcase> <!-- PersonalLoanTest -->
  <testcase classname="testpakage.card_test" name="CCTest" time="0.0">
    <ignored/>
  </testcase> <!-- CCTest -->
</testsuite> <!-- Test -->
