<?xml version="1.0" encoding="UTF-8"?>
<testng-results ignored="4" total="5" passed="1" failed="0" skipped="0">
  <reporter-output>
  </reporter-output>
  <suite started-at="2022-09-03T22:13:43 IST" name="Suite" finished-at="2022-09-03T22:13:43 IST" duration-ms="97">
    <groups>
      <group name="sanity">
        <method signature="testcase_loantest.HomeLoanTest()[pri:0, instance:testpakage.testcase_loantest@1ba9117e]" name="HomeLoanTest" class="testpakage.testcase_loantest"/>
      </group> <!-- sanity -->
    </groups>
    <test started-at="2022-09-03T22:13:43 IST" name="Test" finished-at="2022-09-03T22:13:43 IST" duration-ms="97">
      <class name="testpakage.testcase_loantest">
        <test-method is-config="true" signature="m3()[pri:0, instance:testpakage.testcase_loantest@1ba9117e]" started-at="2022-09-03T22:13:43 IST" name="m3" finished-at="2022-09-03T22:13:43 IST" duration-ms="15" status="PASS">
          <reporter-output>
          </reporter-output>
        </test-method> <!-- m3 -->
        <test-method is-config="true" signature="m1()[pri:0, instance:testpakage.testcase_loantest@1ba9117e]" started-at="2022-09-03T22:13:43 IST" name="m1" finished-at="2022-09-03T22:13:43 IST" duration-ms="0" status="PASS">
          <reporter-output>
          </reporter-output>
        </test-method> <!-- m1 -->
        <test-method signature="HomeLoanTest()[pri:0, instance:testpakage.testcase_loantest@1ba9117e]" started-at="2022-09-03T22:13:43 IST" name="HomeLoanTest" finished-at="2022-09-03T22:13:43 IST" duration-ms="14" status="PASS">
          <reporter-output>
          </reporter-output>
        </test-method> <!-- HomeLoanTest -->
        <test-method is-config="true" signature="m2()[pri:0, instance:testpakage.testcase_loantest@1ba9117e]" started-at="2022-09-03T22:13:43 IST" name="m2" finished-at="2022-09-03T22:13:43 IST" duration-ms="1" status="PASS">
          <reporter-output>
          </reporter-output>
        </test-method> <!-- m2 -->
        <test-method is-config="true" signature="m4()[pri:0, instance:testpakage.testcase_loantest@1ba9117e]" started-at="2022-09-03T22:13:43 IST" name="m4" finished-at="2022-09-03T22:13:43 IST" duration-ms="1" status="PASS">
          <reporter-output>
          </reporter-output>
        </test-method> <!-- m4 -->
      </class> <!-- testpakage.testcase_loantest -->
    </test> <!-- Test -->
  </suite> <!-- Suite -->
</testng-results>
